
+==============================================================================+
|                                     DATA                                     |
+------------------------------------------------------------------------------+
| dataID: B01_exampleID                                                        |
+------------------------------------------------------------------------------+
| Executed: 2020-07-26 13:03:07.667295                                         |
| Elapsed time: 00:00:03.495 (HH:MM:SS.mmm)                                    |
+------------------------------------------------------------------------------+
| saved as data_B01_exampleID.obj                                              |
+------------------------------------------------------------------------------+
| directory: ..Device_Free_Indoor_Localization/sampleData/ExampleRoom_2507/    |
+------------------------------------------------------------------------------+
+------------------------------------------------------------------------------+
| used room: Example Scenario                                                  |
| constrained area: COMPLETE / COMPLETE                                        |
+------------------------------------------------------------------------------+
| coord. info: range from 001 to 012 with receiver id -7 and transmitter id -5 |
| coordinates format: CARTESIAN                                                |
| signal representation: IQ                                                    |
| remove unused: True; remove pilots: True                                     |
+------------------------------------------------------------------------------+
| Amount of samples 240 (20 samples per target)                                |
+==============================================================================+


+==============================================================================+
|                                     DATA                                     |
+------------------------------------------------------------------------------+
| dataID: B01                                                                  |
+------------------------------------------------------------------------------+
| Executed: 2020-07-26 13:04:21.578655                                         |
| Elapsed time: 00:00:00.483 (HH:MM:SS.mmm)                                    |
+------------------------------------------------------------------------------+
| saved as data_B01.obj                                                        |
+------------------------------------------------------------------------------+
| directory: ..ee_Indoor_Localization/sampleData/ExampleRoom_2507/Baseline/    |
+------------------------------------------------------------------------------+
+------------------------------------------------------------------------------+
| used room: Example Scenario                                                  |
| constrained area: COMPLETE / COMPLETE                                        |
+------------------------------------------------------------------------------+
| coord. info: range from 001 to 001 with receiver id -7 and transmitter id -5 |
| coordinates format: CARTESIAN                                                |
| signal representation: IQ                                                    |
| remove unused: True; remove pilots: True                                     |
+------------------------------------------------------------------------------+
| Amount of samples 20 (20 samples per target)                                 |
+==============================================================================+


+==============================================================================+
|                             BASE APPLIED TO DATA                             |
+------------------------------------------------------------------------------+
| dataID: B01_B01_exampleID                                                    |
+------------------------------------------------------------------------------+
| Executed: 2020-07-26 13:04:22.062659                                         |
| Elapsed time: 00:00:00.271 (HH:MM:SS.mmm)                                    |
+------------------------------------------------------------------------------+
| saved as data_B01_exampleID.obj                                              |
+------------------------------------------------------------------------------+
| The data was combined with the sample No. 10                                 |
+------------------------------------------------------------------------------+
| data directory: ..e_Free_Indoor_Localization/sampleData/ExampleRoom_2507/    |
+------------------------------------------------------------------------------+
+------------------------------------------------------------------------------+
| baseline directory: .._Localization/sampleData/ExampleRoom_2507/Baseline/    |
+------------------------------------------------------------------------------+
+------------------------------------------------------------------------------+
| used room: Example Scenario                                                  |
| constrained area: COMPLETE / COMPLETE                                        |
+------------------------------------------------------------------------------+
| coord. info: range from 001 to 012 with receiver id -7 and transmitter id -5 |
| coordinates format: CARTESIAN                                                |
| signal representation: IQ                                                    |
+------------------------------------------------------------------------------+
| Amount of samples 240 (20 samples per target)                                |
+==============================================================================+


+==============================================================================+
|                                   TRAINING                                   |
+------------------------------------------------------------------------------+
| netID: NA01 lossID: L001 dataID: B01_exampleID                               |
+------------------------------------------------------------------------------+
| Shuffling activated: True                                                    |
| Random permutation: dacb7365c9 (Use previous: False)                         |
+------------------------------------------------------------------------------+
| Executed: 2020-07-26 13:08:48.433907                                         |
| Elapsed time: 00:00:05.130 (HH:MM:SS.mmm)                                    |
+------------------------------------------------------------------------------+
| saved as net_nNA01_lL001.obj                                                 |
+------------------------------------------------------------------------------+
| The data was combined with the sample No. 10                                 |
+------------------------------------------------------------------------------+
| Selected from 12 samples per position                                        |
| Data was filtered after Loading: False                                       |
+------------------------------------------------------------------------------+
| AoA used as extra feature: False                                             |
| Hidden units in the fully connected layer: 150                               |
| Normalization: False                                                         |
+------------------------------------------------------------------------------+
| backprop algorithm: ADAM                                                     |
| learningrate: 0.0010, momentum: 0.9, batchsize: 50, learninigUpdateFreq: 10  |
| droprate: 0.3 (Enabled: False)                                               |
| kernelsize: 5, inchannels: 32                                                |
| epochs: 20                                                                   |
+------------------------------------------------------------------------------+
| lossfunction used for training: CARTESIAN_DIST                               |
| lossfunction used for testing: CARTESIAN_DIST                                |
| amount of samples used for training: 100 (of 100 total samples)              |
+------------------------------------------------------------------------------+
| Achieved mean training error: 3.814                                          |
+==============================================================================+


+==============================================================================+
|                                   TESTING                                    |
+------------------------------------------------------------------------------+
| netID: NA01 lossID: L001 dataID: B01_exampleID                               |
+------------------------------------------------------------------------------+
| Shuffling activated: True                                                    |
| Random permutation: dacb7365c9 (Use previous: False)                         |
+------------------------------------------------------------------------------+
| Executed: 2020-07-26 13:08:53.565039                                         |
| Elapsed time: 00:00:00.144 (HH:MM:SS.mmm)                                    |
+------------------------------------------------------------------------------+
| The data was combined with the sample No. 10                                 |
+------------------------------------------------------------------------------+
| Data was filtered after Loading: False                                       |
| AoA used as extra feature: False                                             |
| Hidden units in the fully connected layer: 150                               |
| Normalization: False                                                         |
| lossfunction: CARTESIAN_DIST                                                 |
| amount of test samples: 140 (of 240 total samples)                           |
+------------------------------------------------------------------------------+
| Achieved mean testing error: 5.590                                           |
+==============================================================================+


+==============================================================================+
|                                     CDF                                      |
+------------------------------------------------------------------------------+
| netID: NA01 lossID: L001 dataID: B01_exampleID                               |
+------------------------------------------------------------------------------+
| Shuffling activated: True                                                    |
| Random permutation: dacb7365c9 (Use previous: False)                         |
+------------------------------------------------------------------------------+
| Executed: 2020-07-26 13:08:53.710429                                         |
| Elapsed time: 00:00:23.320 (HH:MM:SS.mmm)                                    |
+------------------------------------------------------------------------------+
| The data was combined with the sample No. 10                                 |
+------------------------------------------------------------------------------+
| Data was filtered after Loading: False                                       |
| AoA used as extra feature: False                                             |
| Hidden units in the fully connected layer: 150                               |
| lossfunction: CARTESIAN_DIST                                                 |
| amount of test samples: 140 (of 240 total samples)                           |
+------------------------------------------------------------------------------+
| Achieved first quartile:  1.129                                              |
| Achieved median error  :  1.703                                              |
| Achieved third quartile:  2.218                                              |
+==============================================================================+


+==============================================================================+
|                                   TRAINING                                   |
+------------------------------------------------------------------------------+
| netID: NA01 lossID: L001 dataID: B01_exampleID                               |
+------------------------------------------------------------------------------+
| Shuffling activated: True                                                    |
| Random permutation: c60ce86cbe (Use previous: False)                         |
+------------------------------------------------------------------------------+
| Executed: 2020-07-26 13:09:39.621403                                         |
| Elapsed time: 00:00:42.116 (HH:MM:SS.mmm)                                    |
+------------------------------------------------------------------------------+
| saved as net_nNA01_lL001.obj                                                 |
+------------------------------------------------------------------------------+
| The data was combined with the sample No. 10                                 |
+------------------------------------------------------------------------------+
| Selected from 12 samples per position                                        |
| Data was filtered after Loading: False                                       |
+------------------------------------------------------------------------------+
| AoA used as extra feature: False                                             |
| Hidden units in the fully connected layer: 150                               |
| Normalization: False                                                         |
+------------------------------------------------------------------------------+
| backprop algorithm: ADAM                                                     |
| learningrate: 0.0010, momentum: 0.9, batchsize: 5, learninigUpdateFreq: 10   |
| droprate: 0.3 (Enabled: False)                                               |
| kernelsize: 5, inchannels: 32                                                |
| epochs: 40                                                                   |
+------------------------------------------------------------------------------+
| lossfunction used for training: CARTESIAN_DIST                               |
| lossfunction used for testing: CARTESIAN_DIST                                |
| amount of samples used for training: 100 (of 100 total samples)              |
+------------------------------------------------------------------------------+
| Achieved mean training error: 0.887                                          |
+==============================================================================+


+==============================================================================+
|                                   TESTING                                    |
+------------------------------------------------------------------------------+
| netID: NA01 lossID: L001 dataID: B01_exampleID                               |
+------------------------------------------------------------------------------+
| Shuffling activated: True                                                    |
| Random permutation: c60ce86cbe (Use previous: False)                         |
+------------------------------------------------------------------------------+
| Executed: 2020-07-26 13:10:21.738518                                         |
| Elapsed time: 00:00:00.269 (HH:MM:SS.mmm)                                    |
+------------------------------------------------------------------------------+
| The data was combined with the sample No. 10                                 |
+------------------------------------------------------------------------------+
| Data was filtered after Loading: False                                       |
| AoA used as extra feature: False                                             |
| Hidden units in the fully connected layer: 150                               |
| Normalization: False                                                         |
| lossfunction: CARTESIAN_DIST                                                 |
| amount of test samples: 140 (of 240 total samples)                           |
+------------------------------------------------------------------------------+
| Achieved mean testing error: 3.159                                           |
+==============================================================================+


+==============================================================================+
|                                     CDF                                      |
+------------------------------------------------------------------------------+
| netID: NA01 lossID: L001 dataID: B01_exampleID                               |
+------------------------------------------------------------------------------+
| Shuffling activated: True                                                    |
| Random permutation: c60ce86cbe (Use previous: False)                         |
+------------------------------------------------------------------------------+
| Executed: 2020-07-26 13:10:22.009315                                         |
| Elapsed time: 00:00:26.498 (HH:MM:SS.mmm)                                    |
+------------------------------------------------------------------------------+
| The data was combined with the sample No. 10                                 |
+------------------------------------------------------------------------------+
| Data was filtered after Loading: False                                       |
| AoA used as extra feature: False                                             |
| Hidden units in the fully connected layer: 150                               |
| lossfunction: CARTESIAN_DIST                                                 |
| amount of test samples: 140 (of 240 total samples)                           |
+------------------------------------------------------------------------------+
| Achieved first quartile:  0.528                                              |
| Achieved median error  :  0.801                                              |
| Achieved third quartile:  1.256                                              |
+==============================================================================+


+==============================================================================+
|                                     DATA                                     |
+------------------------------------------------------------------------------+
| dataID: C01                                                                  |
+------------------------------------------------------------------------------+
| Executed: 2020-07-26 13:11:23.060272                                         |
| Elapsed time: 00:00:00.930 (HH:MM:SS.mmm)                                    |
+------------------------------------------------------------------------------+
| saved as data_C01.obj                                                        |
+------------------------------------------------------------------------------+
| directory: ..er/csicloak/Device_Free_Indoor_Localization/sampleData/Coax/    |
+------------------------------------------------------------------------------+
+------------------------------------------------------------------------------+
| used room: Example Scenario                                                  |
| constrained area: COMPLETE / COMPLETE                                        |
+------------------------------------------------------------------------------+
| coord. info: range from 001 to 004 with receiver id -7 and transmitter id -5 |
| coordinates format: CARTESIAN                                                |
| signal representation: IQ                                                    |
| remove unused: True; remove pilots: True                                     |
+------------------------------------------------------------------------------+
| Amount of samples 40 (10 samples per target)                                 |
+==============================================================================+


+==============================================================================+
|                                     DATA                                     |
+------------------------------------------------------------------------------+
| dataID: C01                                                                  |
+------------------------------------------------------------------------------+
| Executed: 2020-07-26 13:11:37.167045                                         |
| Elapsed time: 00:00:00.913 (HH:MM:SS.mmm)                                    |
+------------------------------------------------------------------------------+
| saved as data_C01.obj                                                        |
+------------------------------------------------------------------------------+
| directory: ..er/csicloak/Device_Free_Indoor_Localization/sampleData/Coax/    |
+------------------------------------------------------------------------------+
+------------------------------------------------------------------------------+
| used room: Example Scenario                                                  |
| constrained area: COMPLETE / COMPLETE                                        |
+------------------------------------------------------------------------------+
| coord. info: range from 001 to 004 with receiver id -7 and transmitter id -5 |
| coordinates format: CARTESIAN                                                |
| signal representation: IQ                                                    |
| remove unused: True; remove pilots: True                                     |
+------------------------------------------------------------------------------+
| Amount of samples 40 (10 samples per target)                                 |
+==============================================================================+


+==============================================================================+
|                             BASE APPLIED TO DATA                             |
+------------------------------------------------------------------------------+
| dataID: C01_C01_exampleID                                                    |
+------------------------------------------------------------------------------+
| Executed: 2020-07-26 13:11:38.081424                                         |
| Elapsed time: 00:00:00.249 (HH:MM:SS.mmm)                                    |
+------------------------------------------------------------------------------+
| saved as data_C01_exampleID.obj                                              |
+------------------------------------------------------------------------------+
| The data was combined with the sample No. 4                                  |
+------------------------------------------------------------------------------+
| data directory: ..e_Free_Indoor_Localization/sampleData/ExampleRoom_2507/    |
+------------------------------------------------------------------------------+
+------------------------------------------------------------------------------+
| baseline directory: .._Localization/sampleData/ExampleRoom_2507/Baseline/    |
+------------------------------------------------------------------------------+
+------------------------------------------------------------------------------+
| used room: Example Scenario                                                  |
| constrained area: COMPLETE / COMPLETE                                        |
+------------------------------------------------------------------------------+
| coord. info: range from 001 to 012 with receiver id -7 and transmitter id -5 |
| coordinates format: CARTESIAN                                                |
| signal representation: IQ                                                    |
+------------------------------------------------------------------------------+
| Amount of samples 240 (20 samples per target)                                |
+==============================================================================+


+==============================================================================+
|                                  BEST 50                                     |
+------------------------------------------------------------------------------+
| netID: NA01 lossID: L001 dataID: B01_exampleID                               |
+------------------------------------------------------------------------------+
| Shuffling activated: True                                                    |
| Random permutation: c60ce86cbe (Use previous: False)                         |
+------------------------------------------------------------------------------+
| Executed: 2020-07-26 13:12:27.956343                                         |
| Elapsed time: 00:00:00.198 (HH:MM:SS.mmm)                                    |
+------------------------------------------------------------------------------+
| Searched in the Test Set                                                     |
+------------------------------------------------------------------------------+
| AoA used as extra feature: False                                             |
| Hidden units in the fully connected layer: 150                               |
| lossfunction: CARTESIAN_DIST                                                 |
| amount of test samples: 140 (of 240 total samples)                           |
+------------------------------------------------------------------------------+
| indices found in column areas: LEFT, CENTER and VERYLEFT                     |
| indices found in row areas: TOP                                              |
+------------------------------------------------------------------------------+
| estimated indices in the range of (6.486 - 24.193 | 1.047 - 14.565)          |
+------------------------------------------------------------------------------+
| best errors in the range from 0.100 to 2.154                                 |
+==============================================================================+

+==============================================================================+
|                                  BEST 50                                     |
+------------------------------------------------------------------------------+
| netID: NA01 lossID: L001 dataID: B01_exampleID                               |
+------------------------------------------------------------------------------+
| Shuffling activated: True                                                    |
| Random permutation: c60ce86cbe (Use previous: False)                         |
+------------------------------------------------------------------------------+
| Executed: 2020-07-26 13:12:58.701202                                         |
| Elapsed time: 00:00:00.196 (HH:MM:SS.mmm)                                    |
+------------------------------------------------------------------------------+
| Searched in the Test Set                                                     |
+------------------------------------------------------------------------------+
| AoA used as extra feature: False                                             |
| Hidden units in the fully connected layer: 150                               |
| lossfunction: CARTESIAN_DIST                                                 |
| amount of test samples: 140 (of 240 total samples)                           |
+------------------------------------------------------------------------------+
| indices found in column areas: LEFT, CENTER and VERYLEFT                     |
| indices found in row areas: TOP                                              |
+------------------------------------------------------------------------------+
| estimated indices in the range of (6.486 - 24.193 | 1.047 - 14.565)          |
+------------------------------------------------------------------------------+
| best errors in the range from 0.100 to 2.154                                 |
+==============================================================================+

+==============================================================================+
|                                GET AOA OF DATA                               |
+------------------------------------------------------------------------------+
| dataID: B01_exampleID                                                        |
+------------------------------------------------------------------------------+
| Executed: 2020-07-26 13:13:46.380380                                         |
| Elapsed time: 00:00:14.074 (HH:MM:SS.mmm)                                    |
+------------------------------------------------------------------------------+
| saved as data_B01_exampleID_AoA.obj                                          |
+------------------------------------------------------------------------------+
| used room: Example Scenario                                                  |
| Amount of samples 240                                                        |
+==============================================================================+


+==============================================================================+
|                                   TRAINING                                   |
+------------------------------------------------------------------------------+
| netID: NA01 lossID: L001 dataID: B01_exampleID                               |
+------------------------------------------------------------------------------+
| Shuffling activated: True                                                    |
| Random permutation: 42ac9e8e11 (Use previous: False)                         |
+------------------------------------------------------------------------------+
| Executed: 2020-07-26 13:15:38.935791                                         |
| Elapsed time: 00:00:34.326 (HH:MM:SS.mmm)                                    |
+------------------------------------------------------------------------------+
| saved as net_nNA01_lL001.obj                                                 |
+------------------------------------------------------------------------------+
| The data was combined with the sample No. 10                                 |
+------------------------------------------------------------------------------+
| Selected from 12 samples per position                                        |
| Data was filtered after Loading: False                                       |
+------------------------------------------------------------------------------+
| AoA used as extra feature: True                                              |
| Hidden units in the fully connected layer: 150                               |
| Normalization: False                                                         |
+------------------------------------------------------------------------------+
| backprop algorithm: ADAM                                                     |
| learningrate: 0.0010, momentum: 0.9, batchsize: 5, learninigUpdateFreq: 10   |
| droprate: 0.3 (Enabled: False)                                               |
| kernelsize: 5, inchannels: 32                                                |
| epochs: 40                                                                   |
+------------------------------------------------------------------------------+
| lossfunction used for training: CARTESIAN_DIST                               |
| lossfunction used for testing: CARTESIAN_DIST                                |
| amount of samples used for training: 100 (of 100 total samples)              |
+------------------------------------------------------------------------------+
| Achieved mean training error: 1.702                                          |
+==============================================================================+


+==============================================================================+
|                                   TESTING                                    |
+------------------------------------------------------------------------------+
| netID: NA01 lossID: L001 dataID: B01_exampleID                               |
+------------------------------------------------------------------------------+
| Shuffling activated: True                                                    |
| Random permutation: 42ac9e8e11 (Use previous: False)                         |
+------------------------------------------------------------------------------+
| Executed: 2020-07-26 13:16:13.262541                                         |
| Elapsed time: 00:00:00.209 (HH:MM:SS.mmm)                                    |
+------------------------------------------------------------------------------+
| The data was combined with the sample No. 10                                 |
+------------------------------------------------------------------------------+
| Data was filtered after Loading: False                                       |
| AoA used as extra feature: True                                              |
| Hidden units in the fully connected layer: 150                               |
| Normalization: False                                                         |
| lossfunction: CARTESIAN_DIST                                                 |
| amount of test samples: 140 (of 240 total samples)                           |
+------------------------------------------------------------------------------+
| Achieved mean testing error: 3.209                                           |
+==============================================================================+


+==============================================================================+
|                                     CDF                                      |
+------------------------------------------------------------------------------+
| netID: NA01 lossID: L001 dataID: B01_exampleID                               |
+------------------------------------------------------------------------------+
| Shuffling activated: True                                                    |
| Random permutation: 42ac9e8e11 (Use previous: False)                         |
+------------------------------------------------------------------------------+
| Executed: 2020-07-26 13:16:13.472451                                         |
| Elapsed time: 00:00:32.138 (HH:MM:SS.mmm)                                    |
+------------------------------------------------------------------------------+
| The data was combined with the sample No. 10                                 |
+------------------------------------------------------------------------------+
| Data was filtered after Loading: False                                       |
| AoA used as extra feature: True                                              |
| Hidden units in the fully connected layer: 150                               |
| lossfunction: CARTESIAN_DIST                                                 |
| amount of test samples: 140 (of 240 total samples)                           |
+------------------------------------------------------------------------------+
| Achieved first quartile:  0.512                                              |
| Achieved median error  :  0.811                                              |
| Achieved third quartile:  1.349                                              |
+==============================================================================+

